# JRE version: Java(TM) SE Runtime Environment (17.0.12+8) (build 17.0.12+8-LTS-286)
# Java VM: Java HotSpot(TM) 64-Bit Server VM (17.0.12+8-LTS-286, mixed mode, sharing, tiered, compressed oops, compressed class ptrs, g1 gc, windows-amd64)
GC Precious Log:
 CPUs: 16 total, 16 available
 Memory: 10085M
 Large Page Support: Disabled
 NUMA Support: Disabled
 Compressed Oops: Enabled (Zero based)
 Heap Region Size: 2M
 Heap Min Capacity: 8M
 Heap Initial Capacity: 158M
 Heap Max Capacity: 2522M
 Pre-touch: Disabled
 Parallel Workers: 13
 Concurrent Workers: 3
 Concurrent Refinement Workers: 13
 Periodic GC: Disabled
Heap:
 garbage-first heap   total 96256K, used 71725K [0x0000000762600000, 0x0000000800000000)
  region size 2048K, 6 young (12288K), 4 survivors (8192K)
 Metaspace       used 73986K, committed 74560K, reserved 1114112K
  class space    used 10110K, committed 10368K, reserved 1048576K
GC Heap History (20 events):
Event: 3.975 GC heap before
{Heap before GC invocations=6 (full 0):
 garbage-first heap   total 61440K, used 18142K [0x0000000762600000, 0x0000000800000000)
  region size 2048K, 3 young (6144K), 2 survivors (4096K)
 Metaspace       used 24938K, committed 25216K, reserved 1114112K
  class space    used 3236K, committed 3392K, reserved 1048576K
}
Event: 3.982 GC heap after
{Heap after GC invocations=7 (full 0):
 garbage-first heap   total 61440K, used 16596K [0x0000000762600000, 0x0000000800000000)
  region size 2048K, 1 young (2048K), 1 survivors (2048K)
 Metaspace       used 24938K, committed 25216K, reserved 1114112K
  class space    used 3236K, committed 3392K, reserved 1048576K
}
Event: 4.812 GC heap before
{Heap before GC invocations=7 (full 0):
 garbage-first heap   total 61440K, used 41172K [0x0000000762600000, 0x0000000800000000)
  region size 2048K, 13 young (26624K), 1 survivors (2048K)
 Metaspace       used 28070K, committed 28416K, reserved 1114112K
  class space    used 3644K, committed 3776K, reserved 1048576K
}
Event: 4.820 GC heap after
{Heap after GC invocations=8 (full 0):
 garbage-first heap   total 61440K, used 17554K [0x0000000762600000, 0x0000000800000000)
  region size 2048K, 1 young (2048K), 1 survivors (2048K)
 Metaspace       used 28070K, committed 28416K, reserved 1114112K
  class space    used 3644K, committed 3776K, reserved 1048576K
}
Event: 6.063 GC heap before
{Heap before GC invocations=8 (full 0):
 garbage-first heap   total 61440K, used 42130K [0x0000000762600000, 0x0000000800000000)
  region size 2048K, 13 young (26624K), 1 survivors (2048K)
 Metaspace       used 32273K, committed 32704K, reserved 1114112K
  class space    used 4227K, committed 4416K, reserved 1048576K
}
Event: 6.072 GC heap after
{Heap after GC invocations=9 (full 0):
 garbage-first heap   total 61440K, used 19974K [0x0000000762600000, 0x0000000800000000)
  region size 2048K, 2 young (4096K), 2 survivors (4096K)
 Metaspace       used 32273K, committed 32704K, reserved 1114112K
  class space    used 4227K, committed 4416K, reserved 1048576K
}
Event: 6.782 GC heap before
{Heap before GC invocations=9 (full 0):
 garbage-first heap   total 61440K, used 40454K [0x0000000762600000, 0x0000000800000000)
  region size 2048K, 13 young (26624K), 2 survivors (4096K)
 Metaspace       used 35570K, committed 35968K, reserved 1114112K
  class space    used 4635K, committed 4864K, reserved 1048576K
}
Event: 6.789 GC heap after
{Heap after GC invocations=10 (full 0):
 garbage-first heap   total 61440K, used 21132K [0x0000000762600000, 0x0000000800000000)
  region size 2048K, 1 young (2048K), 1 survivors (2048K)
 Metaspace       used 35570K, committed 35968K, reserved 1114112K
  class space    used 4635K, committed 4864K, reserved 1048576K
}
Event: 7.649 GC heap before
{Heap before GC invocations=11 (full 0):
 garbage-first heap   total 61440K, used 45708K [0x0000000762600000, 0x0000000800000000)
  region size 2048K, 13 young (26624K), 1 survivors (2048K)
 Metaspace       used 40123K, committed 40576K, reserved 1114112K
  class space    used 5418K, committed 5632K, reserved 1048576K
}
Event: 7.652 GC heap after
{Heap after GC invocations=12 (full 0):
 garbage-first heap   total 61440K, used 22083K [0x0000000762600000, 0x0000000800000000)
  region size 2048K, 2 young (4096K), 2 survivors (4096K)
 Metaspace       used 40123K, committed 40576K, reserved 1114112K
  class space    used 5418K, committed 5632K, reserved 1048576K
}
Event: 7.727 GC heap before
{Heap before GC invocations=12 (full 0):
 garbage-first heap   total 61440K, used 24131K [0x0000000762600000, 0x0000000800000000)
  region size 2048K, 3 young (6144K), 2 survivors (4096K)
 Metaspace       used 40412K, committed 40832K, reserved 1114112K
  class space    used 5470K, committed 5696K, reserved 1048576K
}
Event: 7.732 GC heap after
{Heap after GC invocations=13 (full 0):
 garbage-first heap   total 61440K, used 21774K [0x0000000762600000, 0x0000000800000000)
  region size 2048K, 1 young (2048K), 1 survivors (2048K)
 Metaspace       used 40412K, committed 40832K, reserved 1114112K
  class space    used 5470K, committed 5696K, reserved 1048576K
}
Event: 8.948 GC heap before
{Heap before GC invocations=13 (full 0):
 garbage-first heap   total 61440K, used 44302K [0x0000000762600000, 0x0000000800000000)
  region size 2048K, 12 young (24576K), 1 survivors (2048K)
 Metaspace       used 49581K, committed 49984K, reserved 1114112K
  class space    used 6567K, committed 6784K, reserved 1048576K
}
Event: 8.953 GC heap after
{Heap after GC invocations=14 (full 0):
 garbage-first heap   total 96256K, used 23801K [0x0000000762600000, 0x0000000800000000)
  region size 2048K, 2 young (4096K), 2 survivors (4096K)
 Metaspace       used 49581K, committed 49984K, reserved 1114112K
  class space    used 6567K, committed 6784K, reserved 1048576K
}
Event: 10.289 GC heap before
{Heap before GC invocations=14 (full 0):
 garbage-first heap   total 96256K, used 68857K [0x0000000762600000, 0x0000000800000000)
  region size 2048K, 25 young (51200K), 2 survivors (4096K)
 Metaspace       used 59684K, committed 60096K, reserved 1114112K
  class space    used 8066K, committed 8256K, reserved 1048576K
}
Event: 10.294 GC heap after
{Heap after GC invocations=15 (full 0):
 garbage-first heap   total 96256K, used 25800K [0x0000000762600000, 0x0000000800000000)
  region size 2048K, 3 young (6144K), 3 survivors (6144K)
 Metaspace       used 59684K, committed 60096K, reserved 1114112K
  class space    used 8066K, committed 8256K, reserved 1048576K
}
Event: 13.326 GC heap before
{Heap before GC invocations=16 (full 0):
 garbage-first heap   total 96256K, used 72904K [0x0000000762600000, 0x0000000800000000)
  region size 2048K, 26 young (53248K), 3 survivors (6144K)
 Metaspace       used 69637K, committed 70208K, reserved 1114112K
  class space    used 9477K, committed 9728K, reserved 1048576K
}
Event: 13.334 GC heap after
{Heap after GC invocations=17 (full 0):
 garbage-first heap   total 96256K, used 28894K [0x0000000762600000, 0x0000000800000000)
  region size 2048K, 4 young (8192K), 4 survivors (8192K)
 Metaspace       used 69637K, committed 70208K, reserved 1114112K
  class space    used 9477K, committed 9728K, reserved 1048576K
}
Event: 13.861 GC heap before
{Heap before GC invocations=17 (full 0):
 garbage-first heap   total 96256K, used 71902K [0x0000000762600000, 0x0000000800000000)
  region size 2048K, 18 young (36864K), 4 survivors (8192K)
 Metaspace       used 73649K, committed 74176K, reserved 1114112K
  class space    used 10056K, committed 10304K, reserved 1048576K
}
Event: 13.870 GC heap after
{Heap after GC invocations=18 (full 0):
 garbage-first heap   total 96256K, used 51245K [0x0000000762600000, 0x0000000800000000)
  region size 2048K, 4 young (8192K), 4 survivors (8192K)
 Metaspace       used 73649K, committed 74176K, reserved 1114112K
  class space    used 10056K, committed 10304K, reserved 1048576K
}

